============================================================================================== 
Warning! Mixing Conda and module environments may lead to corruption of the
user environment. 
We do not recommend users mixing those two environments unless absolutely
necessary. Note that 
SURF does not provide any support for Conda environment.
For more information, please refer to our software policy page:
https://servicedesk.surf.nl/wiki/display/WIKI/Software+policy+Snellius#SoftwarepolicySnellius-UseofAnacondaandMinicondaenvironmentsonSnellius 

Remember that many packages have already been installed on the system and can
be loaded using 
the 'module load <package__name>' command. If you are uncertain if a package is
already available 
on the system, please use 'module avail' or 'module spider' to search for it.
============================================================================================== 
/var/spool/slurm/slurmd/job11600560/slurm_script: line 21: cd: ../../projects/0/prjs0996/PolyArt/ArtRAG: No such file or directory
slurmstepd: error: *** JOB 11600560 ON gcn142 CANCELLED AT 2025-05-06T17:36:07 ***

JOB STATISTICS
==============
Job ID: 11600560
Cluster: snellius
User/Group: wangsh/wangsh
State: CANCELLED (exit code 0)
Nodes: 1
Cores per node: 16
CPU Utilized: 00:00:00
CPU Efficiency: 0.00% of 00:02:40 core-walltime
Job Wall-clock time: 00:00:10
Memory Utilized: 1.44 MB
Memory Efficiency: 0.00% of 60.00 GB (60.00 GB/node)
